\BOOKMARK [1][-]{section.1}{\376\377\000I\000m\000p\000l\000e\000m\000e\000n\000t\000a\000c\000e\000\040\000s\000e\000k\000v\000e\000n\001\015\000n\000\355\000h\000o\000\040\000a\000l\000g\000o\000r\000i\000t\000m\000u}{}% 1
\BOOKMARK [2][-]{subsection.1.1}{\376\377\000P\000o\000p\000i\000s\000\040\000D\000i\000j\000k\000s\000t\000r\000o\000v\000a\000\040\000a\000l\000g\000o\000r\000i\000t\000m\000u}{section.1}% 2
\BOOKMARK [2][-]{subsection.1.2}{\376\377\000P\000o\000p\000i\000s\000\040\000F\000l\000o\000y\000d\000-\000W\000a\000r\000s\000h\000a\000l\000l\000o\000v\000a\000\040\000a\000l\000g\000o\000r\000i\000t\000m\000u}{section.1}% 3
\BOOKMARK [1][-]{section.2}{\376\377\000V\000e\000k\000t\000o\000r\000i\000z\000a\000c\000e}{}% 4
\BOOKMARK [2][-]{subsection.2.1}{\376\377\000D\000i\000j\000k\000s\000t\000r\001\157\000v\000\040\000a\000l\000g\000o\000r\000i\000t\000m\000u\000s}{section.2}% 5
\BOOKMARK [2][-]{subsection.2.2}{\376\377\000F\000l\000o\000y\000d\000-\000W\000a\000r\000s\000h\000a\000l\000l\000o\000v\001\157\000v\000\040\000a\000l\000g\000o\000r\000i\000t\000m\000u\000s}{section.2}% 6
\BOOKMARK [3][-]{subsubsection.2.2.1}{\376\377\000K\000l\000a\000s\000i\000c\000k\000\375\000\040\000F\000l\000o\000y\000d\000-\000W\000a\000r\000s\000h\000a\000l\000l}{subsection.2.2}% 7
\BOOKMARK [3][-]{subsubsection.2.2.2}{\376\377\000T\000e\000r\000n\000\341\000r\000n\000\355\000\040\000o\000p\000e\000r\000\341\000t\000o\000r}{subsection.2.2}% 8
\BOOKMARK [3][-]{subsubsection.2.2.3}{\376\377\000m\000i\000n\000\050\000a\000,\000b\000\051\000\040\000m\000e\000t\000o\000d\000a}{subsection.2.2}% 9
\BOOKMARK [3][-]{subsubsection.2.2.4}{\376\377\0001\000D\000\040\000p\000o\000l\000e}{subsection.2.2}% 10
\BOOKMARK [3][-]{subsubsection.2.2.5}{\376\377\000S\000h\000r\000n\000u\000t\000\355}{subsection.2.2}% 11
\BOOKMARK [1][-]{section.3}{\376\377\000P\000a\000r\000a\000l\000e\000l\000i\000z\000a\000c\000e\000\040\000-\000\040\000O\000p\000e\000n\000M\000P}{}% 12
\BOOKMARK [2][-]{subsection.3.1}{\376\377\000D\000i\000j\000k\000s\000t\000r\001\157\000v\000\040\000a\000l\000g\000o\000r\000i\000t\000m\000u\000s}{section.3}% 13
\BOOKMARK [2][-]{subsection.3.2}{\376\377\000F\000l\000o\000y\000d\000-\000W\000a\000r\000s\000h\000a\000l\000l\000o\000v\001\157\000v\000\040\000a\000l\000g\000o\000r\000i\000t\000m\000u\000s}{section.3}% 14
\BOOKMARK [1][-]{section.4}{\376\377\000N\000a\000m\001\033\001\131\000e\000n\000\351\000\040\000v\000\375\000s\000l\000e\000d\000k\000y\000\040\000p\000r\000v\000n\000\355\000\040\001\015\000\341\000s\000t\000i}{}% 15
\BOOKMARK [2][-]{subsection.4.1}{\376\377\000D\000i\000j\000k\000s\000t\000r\001\157\000v\000\040\000a\000l\000g\000o\000r\000i\000t\000m\000u\000s}{section.4}% 16
\BOOKMARK [3][-]{subsubsection.4.1.1}{\376\377\000S\000e\000k\000v\000e\001\015\000n\000\355\000\040\001\131\000e\001\141\000e\000n\000\355}{subsection.4.1}% 17
\BOOKMARK [3][-]{subsubsection.4.1.2}{\376\377\000P\000a\000r\000a\000l\000e\000l\000n\000\355\000\040\001\131\000e\001\141\000e\000n\000\355\000\040\000-\000\040\000g\000+\000+}{subsection.4.1}% 18
\BOOKMARK [3][-]{subsubsection.4.1.3}{\376\377\000S\000e\000k\000v\000e\000n\001\015\000n\000\355\000\040\001\131\000e\001\141\000e\000n\000\355\000\040\000-\000\040\000i\000c\000c\000\040\000p\000r\000o\000\040\000c\000p\000u}{subsection.4.1}% 19
\BOOKMARK [3][-]{subsubsection.4.1.4}{\376\377\000P\000a\000r\000a\000l\000e\000l\000n\000\355\000\040\001\131\000e\001\141\000e\000n\000\355\000\040\000-\000\040\000i\000c\000c\000\040\000p\000r\000o\000\040\000c\000p\000u}{subsection.4.1}% 20
\BOOKMARK [3][-]{subsubsection.4.1.5}{\376\377\000P\000a\000r\000a\000l\000e\000l\000n\000\355\000\040\001\131\000e\001\141\000e\000n\000\355\000\040\000-\000\040\000i\000c\000c\000\040\000p\000r\000o\000\040\000X\000e\000o\000n\000\040\000P\000h\000i}{subsection.4.1}% 21
\BOOKMARK [2][-]{subsection.4.2}{\376\377\000F\000l\000o\000y\000d\000-\000W\000a\000r\000s\000h\000a\000l\000l\000o\000v\001\157\000v\000\040\000a\000l\000g\000o\000r\000i\000t\000m\000u\000s}{section.4}% 22
\BOOKMARK [3][-]{subsubsection.4.2.1}{\376\377\000S\000e\000k\000v\000e\001\015\000n\000\355\000\040\001\131\000e\001\141\000e\000n\000\355}{subsection.4.2}% 23
\BOOKMARK [3][-]{subsubsection.4.2.2}{\376\377\000P\000a\000r\000a\000l\000e\000l\000n\000\355\000\040\001\131\000e\001\141\000e\000n\000\355\000\040\000-\000\040\000g\000+\000+}{subsection.4.2}% 24
\BOOKMARK [3][-]{subsubsection.4.2.3}{\376\377\000P\000a\000r\000a\000l\000e\000l\000n\000\355\000\040\001\131\000e\001\141\000e\000n\000\355\000\040\000-\000\040\000i\000c\000c\000\040\000p\000r\000o\000\040\000c\000p\000u}{subsection.4.2}% 25
\BOOKMARK [3][-]{subsubsection.4.2.4}{\376\377\000P\000a\000r\000a\000l\000e\000l\000n\000\355\000\040\001\131\000e\001\141\000e\000n\000\355\000\040\000i\000c\000c\000\040\000p\000r\000o\000\040\000X\000e\000o\000n\000\040\000P\000h\000i}{subsection.4.2}% 26
\BOOKMARK [1][-]{section.5}{\376\377\000Z\000h\000o\000d\000n\000o\000c\000e\000n\000\355\000\040\000p\000r\000v\000n\000\355\000\040\001\015\000\341\000s\000t\000i}{}% 27
\BOOKMARK [2][-]{subsection.5.1}{\376\377\000D\000i\000j\000k\000s\000t\000r\001\157\000v\000\040\000a\000l\000g\000o\000r\000i\000t\000m\000u\000s}{section.5}% 28
\BOOKMARK [2][-]{subsection.5.2}{\376\377\000F\000l\000o\000y\000d\000-\000W\000a\000r\000s\000h\000a\000l\000l\000o\000v\001\157\000v\000\040\000a\000l\000g\000o\000r\000i\000t\000m\000u\000s}{section.5}% 29
\BOOKMARK [1][-]{section.6}{\376\377\000O\000p\000e\000n\000A\000C\000C}{}% 30
\BOOKMARK [2][-]{subsection.6.1}{\376\377\000D\000i\000j\000k\000s\000t\000r\001\157\000v\000\040\000a\000l\000g\000o\000r\000i\000t\000m\000u\000s}{section.6}% 31
\BOOKMARK [2][-]{subsection.6.2}{\376\377\000F\000l\000o\000y\000d\000-\000W\000a\000r\000s\000h\000a\000l\000l\000o\000v\001\157\000v\000\040\000a\000l\000g\000o\000r\000i\000t\000m\000u\000s}{section.6}% 32
\BOOKMARK [1][-]{section.7}{\376\377\000N\000a\000m\001\033\001\131\000e\000n\000\351\000\040\000v\000\375\000s\000l\000e\000d\000k\000y\000\040\000d\000r\000u\000h\000\351\000\040\001\015\000\341\000s\000t\000i}{}% 33
\BOOKMARK [2][-]{subsection.7.1}{\376\377\000F\000l\000o\000y\000d\000-\000W\000a\000r\000s\000h\000a\000l\000l\000o\000v\001\157\000v\000\040\000a\000l\000g\000o\000r\000i\000t\000m\000u\000s}{section.7}% 34
\BOOKMARK [1][-]{section.8}{\376\377\000Z\000h\000o\000d\000n\000o\000c\000e\000n\000\355\000\040\000d\000r\000u\000h\000\351\000\040\001\015\000\341\000s\000t\000i}{}% 35
\BOOKMARK [2][-]{subsection.8.1}{\376\377\000D\000i\000j\000k\000s\000t\000r\001\157\000v\000\040\000a\000l\000g\000o\000r\000i\000t\000m\000u\000s}{section.8}% 36
\BOOKMARK [2][-]{subsection.8.2}{\376\377\000F\000l\000o\000y\000d\000-\000W\000a\000r\000s\000h\000a\000l\000l\000o\000v\001\157\000v\000\040\000a\000l\000g\000o\000r\000i\000t\000m\000u\000s}{section.8}% 37
\BOOKMARK [1][-]{section.9}{\376\377\000C\000u\000d\000a}{}% 38
\BOOKMARK [2][-]{subsection.9.1}{\376\377\000F\000l\000o\000y\000d\000-\000W\000a\000r\000s\000h\000a\000l\000l\000o\000v\001\157\000v\000\040\000a\000l\000g\000o\000r\000i\000t\000m\000u\000s}{section.9}% 39
\BOOKMARK [3][-]{subsubsection.9.1.1}{\376\377\000\332\000p\000r\000a\000v\000y\000\040\000p\000a\000r\000a\000l\000e\000l\000n\000\355\000h\000o\000\040\000a\000l\000g\000o\000r\000i\000t\000m\000u}{subsection.9.1}% 40
\BOOKMARK [3][-]{subsubsection.9.1.2}{\376\377\000P\000a\000m\001\033\001\145}{subsection.9.1}% 41
\BOOKMARK [3][-]{subsubsection.9.1.3}{\376\377\000V\000\375\000p\000o\001\015\000e\000t}{subsection.9.1}% 42
\BOOKMARK [1][-]{section.10}{\376\377\000N\000a\000m\001\033\001\131\000e\000n\000\351\000\040\000v\000\375\000s\000l\000e\000d\000k\000y\000\040\000t\001\131\000e\000t\000\355\000\040\001\015\000\341\000s\000t\000i}{}% 43
\BOOKMARK [1][-]{section.11}{\376\377\000Z\000h\000o\000d\000n\000o\000c\000e\000n\000\355\000\040\000t\001\131\000e\000t\000\355\000\040\001\015\000\341\000s\000t\000i}{}% 44
\BOOKMARK [1][-]{section.12}{\376\377\000Z\000\341\000v\001\033\000r}{}% 45
